C:\Users\stefa_000\Downloads\matio-1.5.11\matio-1.5.11\visual_studio\libmatio\Release\cl.command.1.tlog
C:\Users\stefa_000\Downloads\matio-1.5.11\matio-1.5.11\visual_studio\libmatio\Release\CL.read.1.tlog
C:\Users\stefa_000\Downloads\matio-1.5.11\matio-1.5.11\visual_studio\libmatio\Release\CL.write.1.tlog
C:\USERS\STEFA_000\DOWNLOADS\MATIO-1.5.11\MATIO-1.5.11\VISUAL_STUDIO\LIBMATIO\RELEASE\ENDIAN.OBJ
C:\USERS\STEFA_000\DOWNLOADS\MATIO-1.5.11\MATIO-1.5.11\VISUAL_STUDIO\LIBMATIO\RELEASE\INFLATE.OBJ
C:\USERS\STEFA_000\DOWNLOADS\MATIO-1.5.11\MATIO-1.5.11\VISUAL_STUDIO\LIBMATIO\RELEASE\IO.OBJ
C:\USERS\STEFA_000\DOWNLOADS\MATIO-1.5.11\MATIO-1.5.11\VISUAL_STUDIO\LIBMATIO\RELEASE\LIBMATIO.DLL.INTERMEDIATE.MANIFEST
C:\Users\stefa_000\Downloads\matio-1.5.11\matio-1.5.11\visual_studio\libmatio\Release\libmatio.vcxprojResolveAssemblyReference.cache
C:\Users\stefa_000\Downloads\matio-1.5.11\matio-1.5.11\visual_studio\libmatio\Release\libmatio.write.1.tlog
C:\Users\stefa_000\Downloads\matio-1.5.11\matio-1.5.11\visual_studio\libmatio\Release\link.command.1.tlog
C:\Users\stefa_000\Downloads\matio-1.5.11\matio-1.5.11\visual_studio\libmatio\Release\link.read.1.tlog
C:\Users\stefa_000\Downloads\matio-1.5.11\matio-1.5.11\visual_studio\libmatio\Release\link.write.1.tlog
C:\Users\stefa_000\Downloads\matio-1.5.11\matio-1.5.11\visual_studio\libmatio\Release\link-cvtres.read.1.tlog
C:\Users\stefa_000\Downloads\matio-1.5.11\matio-1.5.11\visual_studio\libmatio\Release\link-cvtres.write.1.tlog
C:\USERS\STEFA_000\DOWNLOADS\MATIO-1.5.11\MATIO-1.5.11\VISUAL_STUDIO\LIBMATIO\RELEASE\MAT.OBJ
C:\USERS\STEFA_000\DOWNLOADS\MATIO-1.5.11\MATIO-1.5.11\VISUAL_STUDIO\LIBMATIO\RELEASE\MAT4.OBJ
C:\USERS\STEFA_000\DOWNLOADS\MATIO-1.5.11\MATIO-1.5.11\VISUAL_STUDIO\LIBMATIO\RELEASE\MAT5.OBJ
C:\USERS\STEFA_000\DOWNLOADS\MATIO-1.5.11\MATIO-1.5.11\VISUAL_STUDIO\LIBMATIO\RELEASE\MAT73.OBJ
C:\USERS\STEFA_000\DOWNLOADS\MATIO-1.5.11\MATIO-1.5.11\VISUAL_STUDIO\LIBMATIO\RELEASE\MATIO.RES
C:\USERS\STEFA_000\DOWNLOADS\MATIO-1.5.11\MATIO-1.5.11\VISUAL_STUDIO\LIBMATIO\RELEASE\MATVAR_CELL.OBJ
C:\USERS\STEFA_000\DOWNLOADS\MATIO-1.5.11\MATIO-1.5.11\VISUAL_STUDIO\LIBMATIO\RELEASE\MATVAR_STRUCT.OBJ
C:\Users\stefa_000\Downloads\matio-1.5.11\matio-1.5.11\visual_studio\libmatio\Release\mt.command.1.tlog
C:\Users\stefa_000\Downloads\matio-1.5.11\matio-1.5.11\visual_studio\libmatio\Release\mt.read.1.tlog
C:\Users\stefa_000\Downloads\matio-1.5.11\matio-1.5.11\visual_studio\libmatio\Release\mt.write.1.tlog
C:\Users\stefa_000\Downloads\matio-1.5.11\matio-1.5.11\visual_studio\libmatio\Release\rc.command.1.tlog
C:\Users\stefa_000\Downloads\matio-1.5.11\matio-1.5.11\visual_studio\libmatio\Release\rc.read.1.tlog
C:\Users\stefa_000\Downloads\matio-1.5.11\matio-1.5.11\visual_studio\libmatio\Release\rc.write.1.tlog
C:\USERS\STEFA_000\DOWNLOADS\MATIO-1.5.11\MATIO-1.5.11\VISUAL_STUDIO\LIBMATIO\RELEASE\READ_DATA.OBJ
C:\USERS\STEFA_000\DOWNLOADS\MATIO-1.5.11\MATIO-1.5.11\VISUAL_STUDIO\LIBMATIO\RELEASE\SNPRINTF.OBJ
C:\USERS\STEFA_000\DOWNLOADS\MATIO-1.5.11\MATIO-1.5.11\VISUAL_STUDIO\LIBMATIO\RELEASE\VC100.PDB
C:\USERS\STEFA_000\DOWNLOADS\MATIO-1.5.11\MATIO-1.5.11\VISUAL_STUDIO\RELEASE\LIBMATIO.DLL
C:\Users\stefa_000\Downloads\matio-1.5.11\matio-1.5.11\visual_studio\Release\libmatio.exp
C:\Users\stefa_000\Downloads\matio-1.5.11\matio-1.5.11\visual_studio\Release\libmatio.lib
C:\USERS\STEFA_000\DOWNLOADS\MATIO-1.5.11\MATIO-1.5.11\VISUAL_STUDIO\RELEASE\LIBMATIO.PDB
