Build started 19/02/2018 18:31:12.
     1>Project "C:\Users\stefa_000\Downloads\matio-1.5.11\matio-1.5.11\visual_studio\libmatio\libmatio.vcxproj" on node 2 (build target(s)).
     1>InitializeBuildStatus:
         Touching "Release\libmatio.unsuccessfulbuild".
       ClCompile:
         c:\Program Files (x86)\Microsoft Visual Studio 10.0\VC\bin\CL.exe /c /I"C:\Program Files (x86)\HDF_Group\HDF5\1.10.1\include" /I"C:\Users\stefa_000\Downloads\matio-1.5.11\matio-1.5.11\visual_studio\\" /I"C:\Users\stefa_000\Downloads\matio-1.5.11\matio-1.5.11\visual_studio\/../src" /Zi /nologo /W3 /WX- /O2 /Oi /Oy- /GL /D REPLACE_GETOPT /D MAT73=1 /D HAVE_HDF5=1 /D HAVE_ZLIB=1 /D H5_BUILT_AS_DYNAMIC_LIB /D H5_NO_DEPRECATED_SYMBOLS /D _WINDLL /D _MBCS /Gm- /MD /GS /Gy /fp:precise /Zc:wchar_t /Zc:forScope /Fo"Release\\" /Fd"Release\vc100.pdb" /Gd /TC /analyze- /errorReport:prompt ..\..\src\endian.c ..\..\src\inflate.c ..\..\src\io.c ..\..\src\mat.c ..\..\src\mat4.c ..\..\src\mat5.c ..\..\src\mat73.c ..\..\src\matvar_cell.c ..\..\src\matvar_struct.c ..\..\src\read_data.c
         endian.c
         inflate.c
     1>..\..\src\inflate.c(676): warning C4018: '>' : signed/unsigned mismatch
     1>..\..\src\inflate.c(678): warning C4018: '<' : signed/unsigned mismatch
         io.c
         mat.c
     1>..\..\src\mat.c(247): warning C4996: 'fopen': This function or variable may be unsafe. Consider using fopen_s instead. To disable deprecation, use _CRT_SECURE_NO_WARNINGS. See online help for details.
                 c:\Program Files (x86)\Microsoft Visual Studio 10.0\VC\include\stdio.h(234) : see declaration of 'fopen'
     1>..\..\src\mat.c(251): warning C4996: 'fopen': This function or variable may be unsafe. Consider using fopen_s instead. To disable deprecation, use _CRT_SECURE_NO_WARNINGS. See online help for details.
                 c:\Program Files (x86)\Microsoft Visual Studio 10.0\VC\include\stdio.h(234) : see declaration of 'fopen'
     1>..\..\src\mat.c(771): warning C4018: '<' : signed/unsigned mismatch
     1>..\..\src\mat.c(835): warning C4996: 'strdup': The POSIX name for this item is deprecated. Instead, use the ISO C++ conformant name: _strdup. See online help for details.
                 c:\Program Files (x86)\Microsoft Visual Studio 10.0\VC\include\string.h(238) : see declaration of 'strdup'
     1>..\..\src\mat.c(941): warning C4996: 'fopen': This function or variable may be unsafe. Consider using fopen_s instead. To disable deprecation, use _CRT_SECURE_NO_WARNINGS. See online help for details.
                 c:\Program Files (x86)\Microsoft Visual Studio 10.0\VC\include\stdio.h(234) : see declaration of 'fopen'
     1>..\..\src\mat.c(947): warning C4996: 'fopen': This function or variable may be unsafe. Consider using fopen_s instead. To disable deprecation, use _CRT_SECURE_NO_WARNINGS. See online help for details.
                 c:\Program Files (x86)\Microsoft Visual Studio 10.0\VC\include\stdio.h(234) : see declaration of 'fopen'
     1>..\..\src\mat.c(984): warning C4996: '_mktemp': This function or variable may be unsafe. Consider using _mktemp_s instead. To disable deprecation, use _CRT_SECURE_NO_WARNINGS. See online help for details.
                 c:\Program Files (x86)\Microsoft Visual Studio 10.0\VC\include\io.h(202) : see declaration of '_mktemp'
     1>..\..\src\mat.c(1139): warning C4996: 'strdup': The POSIX name for this item is deprecated. Instead, use the ISO C++ conformant name: _strdup. See online help for details.
                 c:\Program Files (x86)\Microsoft Visual Studio 10.0\VC\include\string.h(238) : see declaration of 'strdup'
     1>..\..\src\mat.c(1153): warning C4018: '<' : signed/unsigned mismatch
     1>..\..\src\mat.c(1156): warning C4996: 'strdup': The POSIX name for this item is deprecated. Instead, use the ISO C++ conformant name: _strdup. See online help for details.
                 c:\Program Files (x86)\Microsoft Visual Studio 10.0\VC\include\string.h(238) : see declaration of 'strdup'
     1>..\..\src\mat.c(1319): warning C4018: '<' : signed/unsigned mismatch
     1>..\..\src\mat.c(1591): warning C4244: '=' : conversion from 'double' to 'int', possible loss of data
     1>..\..\src\mat.c(1782): warning C4018: '<' : signed/unsigned mismatch
     1>..\..\src\mat.c(1843): warning C4018: '<' : signed/unsigned mismatch
     1>..\..\src\mat.c(1844): warning C4018: '<' : signed/unsigned mismatch
     1>..\..\src\mat.c(1851): warning C4018: '<' : signed/unsigned mismatch
     1>..\..\src\mat.c(1855): warning C4018: '<' : signed/unsigned mismatch
     1>..\..\src\mat.c(1859): warning C4018: '<' : signed/unsigned mismatch
     1>..\..\src\mat.c(1860): warning C4018: '<' : signed/unsigned mismatch
     1>..\..\src\mat.c(1866): warning C4018: '<' : signed/unsigned mismatch
     1>..\..\src\mat.c(1870): warning C4018: '<' : signed/unsigned mismatch
     1>..\..\src\mat.c(1878): warning C4018: '<' : signed/unsigned mismatch
     1>..\..\src\mat.c(1879): warning C4018: '<' : signed/unsigned mismatch
     1>..\..\src\mat.c(2305): warning C4018: '>' : signed/unsigned mismatch
     1>..\..\src\mat.c(2307): warning C4018: '>' : signed/unsigned mismatch
         mat4.c
     1>..\..\src\mat4.c(60): warning C4996: 'fopen': This function or variable may be unsafe. Consider using fopen_s instead. To disable deprecation, use _CRT_SECURE_NO_WARNINGS. See online help for details.
                 c:\Program Files (x86)\Microsoft Visual Studio 10.0\VC\include\stdio.h(234) : see declaration of 'fopen'
     1>..\..\src\mat4.c(357): warning C4244: '=' : conversion from 'double' to 'size_t', possible loss of data
     1>..\..\src\mat4.c(641): warning C4018: '>' : signed/unsigned mismatch
     1>..\..\src\mat4.c(643): warning C4018: '>' : signed/unsigned mismatch
     1>..\..\src\mat4.c(703): warning C4018: '<' : signed/unsigned mismatch
     1>..\..\src\mat4.c(706): warning C4018: '>' : signed/unsigned mismatch
     1>..\..\src\mat4.c(767): warning C4244: '=' : conversion from 'double' to 'int', possible loss of data
     1>..\..\src\mat4.c(769): warning C4244: '=' : conversion from 'double' to 'int', possible loss of data
     1>..\..\src\mat4.c(771): warning C4244: '=' : conversion from 'double' to 'int', possible loss of data
     1>..\..\src\mat4.c(773): warning C4244: '=' : conversion from 'double' to 'int', possible loss of data
         mat5.c
     1>..\..\src\mat5.c(357): warning C4996: 'fopen': This function or variable may be unsafe. Consider using fopen_s instead. To disable deprecation, use _CRT_SECURE_NO_WARNINGS. See online help for details.
                 c:\Program Files (x86)\Microsoft Visual Studio 10.0\VC\include\stdio.h(234) : see declaration of 'fopen'
     1>..\..\src\mat5.c(394): warning C4996: 'ctime': This function or variable may be unsafe. Consider using ctime_s instead. To disable deprecation, use _CRT_SECURE_NO_WARNINGS. See online help for details.
                 c:\Program Files (x86)\Microsoft Visual Studio 10.0\VC\include\time.inl(86) : see declaration of 'ctime'
     1>..\..\src\mat5.c(1652): warning C4996: 'strdup': The POSIX name for this item is deprecated. Instead, use the ISO C++ conformant name: _strdup. See online help for details.
                 c:\Program Files (x86)\Microsoft Visual Studio 10.0\VC\include\string.h(238) : see declaration of 'strdup'
     1>..\..\src\mat5.c(1826): warning C4996: 'strdup': The POSIX name for this item is deprecated. Instead, use the ISO C++ conformant name: _strdup. See online help for details.
                 c:\Program Files (x86)\Microsoft Visual Studio 10.0\VC\include\string.h(238) : see declaration of 'strdup'
     1>..\..\src\mat5.c(4340): warning C4018: '>' : signed/unsigned mismatch
     1>..\..\src\mat5.c(4342): warning C4018: '>' : signed/unsigned mismatch
     1>..\..\src\mat5.c(4354): warning C4244: '=' : conversion from 'mat_int64_t' to 'double', possible loss of data
     1>..\..\src\mat5.c(4354): warning C4244: '=' : conversion from 'mat_uint64_t' to 'double', possible loss of data
     1>..\..\src\mat5.c(4360): warning C4244: '=' : conversion from 'double' to 'float', possible loss of data
     1>..\..\src\mat5.c(4360): warning C4244: '=' : conversion from 'mat_int32_t' to 'float', possible loss of data
     1>..\..\src\mat5.c(4360): warning C4244: '=' : conversion from 'mat_uint32_t' to 'float', possible loss of data
     1>..\..\src\mat5.c(4360): warning C4244: '=' : conversion from 'mat_int64_t' to 'float', possible loss of data
     1>..\..\src\mat5.c(4360): warning C4244: '=' : conversion from 'mat_uint64_t' to 'float', possible loss of data
     1>..\..\src\mat5.c(4367): warning C4244: '=' : conversion from 'double' to 'mat_int64_t', possible loss of data
     1>..\..\src\mat5.c(4367): warning C4244: '=' : conversion from 'float' to 'mat_int64_t', possible loss of data
     1>..\..\src\mat5.c(4375): warning C4244: '=' : conversion from 'double' to 'mat_uint64_t', possible loss of data
     1>..\..\src\mat5.c(4375): warning C4244: '=' : conversion from 'float' to 'mat_uint64_t', possible loss of data
     1>..\..\src\mat5.c(4382): warning C4244: '=' : conversion from 'double' to 'mat_int32_t', possible loss of data
     1>..\..\src\mat5.c(4382): warning C4244: '=' : conversion from 'float' to 'mat_int32_t', possible loss of data
     1>..\..\src\mat5.c(4382): warning C4244: '=' : conversion from 'mat_int64_t' to 'mat_int32_t', possible loss of data
     1>..\..\src\mat5.c(4382): warning C4244: '=' : conversion from 'mat_uint64_t' to 'mat_int32_t', possible loss of data
     1>..\..\src\mat5.c(4388): warning C4244: '=' : conversion from 'double' to 'mat_uint32_t', possible loss of data
     1>..\..\src\mat5.c(4388): warning C4244: '=' : conversion from 'float' to 'mat_uint32_t', possible loss of data
     1>..\..\src\mat5.c(4388): warning C4244: '=' : conversion from 'mat_int64_t' to 'mat_uint32_t', possible loss of data
     1>..\..\src\mat5.c(4388): warning C4244: '=' : conversion from 'mat_uint64_t' to 'mat_uint32_t', possible loss of data
     1>..\..\src\mat5.c(4394): warning C4244: '=' : conversion from 'double' to 'mat_int16_t', possible loss of data
     1>..\..\src\mat5.c(4394): warning C4244: '=' : conversion from 'float' to 'mat_int16_t', possible loss of data
     1>..\..\src\mat5.c(4394): warning C4244: '=' : conversion from 'mat_int64_t' to 'mat_int16_t', possible loss of data
     1>..\..\src\mat5.c(4394): warning C4244: '=' : conversion from 'mat_uint64_t' to 'mat_int16_t', possible loss of data
     1>..\..\src\mat5.c(4400): warning C4244: '=' : conversion from 'double' to 'mat_uint16_t', possible loss of data
     1>..\..\src\mat5.c(4400): warning C4244: '=' : conversion from 'float' to 'mat_uint16_t', possible loss of data
     1>..\..\src\mat5.c(4400): warning C4244: '=' : conversion from 'mat_int64_t' to 'mat_uint16_t', possible loss of data
     1>..\..\src\mat5.c(4400): warning C4244: '=' : conversion from 'mat_uint64_t' to 'mat_uint16_t', possible loss of data
     1>..\..\src\mat5.c(4406): warning C4244: '=' : conversion from 'double' to 'mat_int8_t', possible loss of data
     1>..\..\src\mat5.c(4406): warning C4244: '=' : conversion from 'float' to 'mat_int8_t', possible loss of data
     1>..\..\src\mat5.c(4406): warning C4244: '=' : conversion from 'mat_int16_t' to 'mat_int8_t', possible loss of data
     1>..\..\src\mat5.c(4406): warning C4244: '=' : conversion from 'mat_uint16_t' to 'mat_int8_t', possible loss of data
     1>..\..\src\mat5.c(4406): warning C4244: '=' : conversion from 'mat_int64_t' to 'mat_int8_t', possible loss of data
     1>..\..\src\mat5.c(4406): warning C4244: '=' : conversion from 'mat_uint64_t' to 'mat_int8_t', possible loss of data
     1>..\..\src\mat5.c(4412): warning C4244: '=' : conversion from 'double' to 'mat_uint8_t', possible loss of data
     1>..\..\src\mat5.c(4412): warning C4244: '=' : conversion from 'float' to 'mat_uint8_t', possible loss of data
     1>..\..\src\mat5.c(4412): warning C4244: '=' : conversion from 'mat_int16_t' to 'mat_uint8_t', possible loss of data
     1>..\..\src\mat5.c(4412): warning C4244: '=' : conversion from 'mat_uint16_t' to 'mat_uint8_t', possible loss of data
     1>..\..\src\mat5.c(4412): warning C4244: '=' : conversion from 'mat_int64_t' to 'mat_uint8_t', possible loss of data
     1>..\..\src\mat5.c(4412): warning C4244: '=' : conversion from 'mat_uint64_t' to 'mat_uint8_t', possible loss of data
     1>..\..\src\mat5.c(4428): warning C4244: '=' : conversion from 'mat_int64_t' to 'double', possible loss of data
     1>..\..\src\mat5.c(4428): warning C4244: '=' : conversion from 'mat_int64_t' to 'double', possible loss of data
     1>..\..\src\mat5.c(4428): warning C4244: '=' : conversion from 'mat_uint64_t' to 'double', possible loss of data
     1>..\..\src\mat5.c(4428): warning C4244: '=' : conversion from 'mat_uint64_t' to 'double', possible loss of data
     1>..\..\src\mat5.c(4434): warning C4244: '=' : conversion from 'double' to 'float', possible loss of data
     1>..\..\src\mat5.c(4434): warning C4244: '=' : conversion from 'double' to 'float', possible loss of data
     1>..\..\src\mat5.c(4434): warning C4244: '=' : conversion from 'mat_int32_t' to 'float', possible loss of data
     1>..\..\src\mat5.c(4434): warning C4244: '=' : conversion from 'mat_int32_t' to 'float', possible loss of data
     1>..\..\src\mat5.c(4434): warning C4244: '=' : conversion from 'mat_uint32_t' to 'float', possible loss of data
     1>..\..\src\mat5.c(4434): warning C4244: '=' : conversion from 'mat_uint32_t' to 'float', possible loss of data
     1>..\..\src\mat5.c(4434): warning C4244: '=' : conversion from 'mat_int64_t' to 'float', possible loss of data
     1>..\..\src\mat5.c(4434): warning C4244: '=' : conversion from 'mat_int64_t' to 'float', possible loss of data
     1>..\..\src\mat5.c(4434): warning C4244: '=' : conversion from 'mat_uint64_t' to 'float', possible loss of data
     1>..\..\src\mat5.c(4434): warning C4244: '=' : conversion from 'mat_uint64_t' to 'float', possible loss of data
     1>..\..\src\mat5.c(4441): warning C4244: '=' : conversion from 'double' to 'mat_int64_t', possible loss of data
     1>..\..\src\mat5.c(4441): warning C4244: '=' : conversion from 'double' to 'mat_int64_t', possible loss of data
     1>..\..\src\mat5.c(4441): warning C4244: '=' : conversion from 'float' to 'mat_int64_t', possible loss of data
     1>..\..\src\mat5.c(4441): warning C4244: '=' : conversion from 'float' to 'mat_int64_t', possible loss of data
     1>..\..\src\mat5.c(4449): warning C4244: '=' : conversion from 'double' to 'mat_uint64_t', possible loss of data
     1>..\..\src\mat5.c(4449): warning C4244: '=' : conversion from 'double' to 'mat_uint64_t', possible loss of data
     1>..\..\src\mat5.c(4449): warning C4244: '=' : conversion from 'float' to 'mat_uint64_t', possible loss of data
     1>..\..\src\mat5.c(4449): warning C4244: '=' : conversion from 'float' to 'mat_uint64_t', possible loss of data
     1>..\..\src\mat5.c(4456): warning C4244: '=' : conversion from 'double' to 'mat_int32_t', possible loss of data
     1>..\..\src\mat5.c(4456): warning C4244: '=' : conversion from 'double' to 'mat_int32_t', possible loss of data
     1>..\..\src\mat5.c(4456): warning C4244: '=' : conversion from 'float' to 'mat_int32_t', possible loss of data
     1>..\..\src\mat5.c(4456): warning C4244: '=' : conversion from 'float' to 'mat_int32_t', possible loss of data
     1>..\..\src\mat5.c(4456): warning C4244: '=' : conversion from 'mat_int64_t' to 'mat_int32_t', possible loss of data
     1>..\..\src\mat5.c(4456): warning C4244: '=' : conversion from 'mat_int64_t' to 'mat_int32_t', possible loss of data
     1>..\..\src\mat5.c(4456): warning C4244: '=' : conversion from 'mat_uint64_t' to 'mat_int32_t', possible loss of data
     1>..\..\src\mat5.c(4456): warning C4244: '=' : conversion from 'mat_uint64_t' to 'mat_int32_t', possible loss of data
     1>..\..\src\mat5.c(4462): warning C4244: '=' : conversion from 'double' to 'mat_uint32_t', possible loss of data
     1>..\..\src\mat5.c(4462): warning C4244: '=' : conversion from 'double' to 'mat_uint32_t', possible loss of data
     1>..\..\src\mat5.c(4462): warning C4244: '=' : conversion from 'float' to 'mat_uint32_t', possible loss of data
     1>..\..\src\mat5.c(4462): warning C4244: '=' : conversion from 'float' to 'mat_uint32_t', possible loss of data
     1>..\..\src\mat5.c(4462): warning C4244: '=' : conversion from 'mat_int64_t' to 'mat_uint32_t', possible loss of data
     1>..\..\src\mat5.c(4462): warning C4244: '=' : conversion from 'mat_int64_t' to 'mat_uint32_t', possible loss of data
     1>..\..\src\mat5.c(4462): warning C4244: '=' : conversion from 'mat_uint64_t' to 'mat_uint32_t', possible loss of data
     1>..\..\src\mat5.c(4462): warning C4244: '=' : conversion from 'mat_uint64_t' to 'mat_uint32_t', possible loss of data
     1>..\..\src\mat5.c(4468): warning C4244: '=' : conversion from 'double' to 'mat_int16_t', possible loss of data
     1>..\..\src\mat5.c(4468): warning C4244: '=' : conversion from 'double' to 'mat_int16_t', possible loss of data
     1>..\..\src\mat5.c(4468): warning C4244: '=' : conversion from 'float' to 'mat_int16_t', possible loss of data
     1>..\..\src\mat5.c(4468): warning C4244: '=' : conversion from 'float' to 'mat_int16_t', possible loss of data
     1>..\..\src\mat5.c(4468): warning C4244: '=' : conversion from 'mat_int64_t' to 'mat_int16_t', possible loss of data
     1>..\..\src\mat5.c(4468): warning C4244: '=' : conversion from 'mat_int64_t' to 'mat_int16_t', possible loss of data
     1>..\..\src\mat5.c(4468): warning C4244: '=' : conversion from 'mat_uint64_t' to 'mat_int16_t', possible loss of data
     1>..\..\src\mat5.c(4468): warning C4244: '=' : conversion from 'mat_uint64_t' to 'mat_int16_t', possible loss of data
     1>..\..\src\mat5.c(4474): warning C4244: '=' : conversion from 'double' to 'mat_uint16_t', possible loss of data
     1>..\..\src\mat5.c(4474): warning C4244: '=' : conversion from 'double' to 'mat_uint16_t', possible loss of data
     1>..\..\src\mat5.c(4474): warning C4244: '=' : conversion from 'float' to 'mat_uint16_t', possible loss of data
     1>..\..\src\mat5.c(4474): warning C4244: '=' : conversion from 'float' to 'mat_uint16_t', possible loss of data
     1>..\..\src\mat5.c(4474): warning C4244: '=' : conversion from 'mat_int64_t' to 'mat_uint16_t', possible loss of data
     1>..\..\src\mat5.c(4474): warning C4244: '=' : conversion from 'mat_int64_t' to 'mat_uint16_t', possible loss of data
     1>..\..\src\mat5.c(4474): warning C4244: '=' : conversion from 'mat_uint64_t' to 'mat_uint16_t', possible loss of data
     1>..\..\src\mat5.c(4474): warning C4244: '=' : conversion from 'mat_uint64_t' to 'mat_uint16_t', possible loss of data
     1>..\..\src\mat5.c(4480): warning C4244: '=' : conversion from 'double' to 'mat_int8_t', possible loss of data
     1>..\..\src\mat5.c(4480): warning C4244: '=' : conversion from 'double' to 'mat_int8_t', possible loss of data
     1>..\..\src\mat5.c(4480): warning C4244: '=' : conversion from 'float' to 'mat_int8_t', possible loss of data
     1>..\..\src\mat5.c(4480): warning C4244: '=' : conversion from 'float' to 'mat_int8_t', possible loss of data
     1>..\..\src\mat5.c(4480): warning C4244: '=' : conversion from 'mat_int16_t' to 'mat_int8_t', possible loss of data
     1>..\..\src\mat5.c(4480): warning C4244: '=' : conversion from 'mat_int16_t' to 'mat_int8_t', possible loss of data
     1>..\..\src\mat5.c(4480): warning C4244: '=' : conversion from 'mat_uint16_t' to 'mat_int8_t', possible loss of data
     1>..\..\src\mat5.c(4480): warning C4244: '=' : conversion from 'mat_uint16_t' to 'mat_int8_t', possible loss of data
     1>..\..\src\mat5.c(4480): warning C4244: '=' : conversion from 'mat_int64_t' to 'mat_int8_t', possible loss of data
     1>..\..\src\mat5.c(4480): warning C4244: '=' : conversion from 'mat_int64_t' to 'mat_int8_t', possible loss of data
     1>..\..\src\mat5.c(4480): warning C4244: '=' : conversion from 'mat_uint64_t' to 'mat_int8_t', possible loss of data
     1>..\..\src\mat5.c(4480): warning C4244: '=' : conversion from 'mat_uint64_t' to 'mat_int8_t', possible loss of data
     1>..\..\src\mat5.c(4486): warning C4244: '=' : conversion from 'double' to 'mat_uint8_t', possible loss of data
     1>..\..\src\mat5.c(4486): warning C4244: '=' : conversion from 'double' to 'mat_uint8_t', possible loss of data
     1>..\..\src\mat5.c(4486): warning C4244: '=' : conversion from 'float' to 'mat_uint8_t', possible loss of data
     1>..\..\src\mat5.c(4486): warning C4244: '=' : conversion from 'float' to 'mat_uint8_t', possible loss of data
     1>..\..\src\mat5.c(4486): warning C4244: '=' : conversion from 'mat_int16_t' to 'mat_uint8_t', possible loss of data
     1>..\..\src\mat5.c(4486): warning C4244: '=' : conversion from 'mat_int16_t' to 'mat_uint8_t', possible loss of data
     1>..\..\src\mat5.c(4486): warning C4244: '=' : conversion from 'mat_uint16_t' to 'mat_uint8_t', possible loss of data
     1>..\..\src\mat5.c(4486): warning C4244: '=' : conversion from 'mat_uint16_t' to 'mat_uint8_t', possible loss of data
     1>..\..\src\mat5.c(4486): warning C4244: '=' : conversion from 'mat_int64_t' to 'mat_uint8_t', possible loss of data
     1>..\..\src\mat5.c(4486): warning C4244: '=' : conversion from 'mat_int64_t' to 'mat_uint8_t', possible loss of data
     1>..\..\src\mat5.c(4486): warning C4244: '=' : conversion from 'mat_uint64_t' to 'mat_uint8_t', possible loss of data
     1>..\..\src\mat5.c(4486): warning C4244: '=' : conversion from 'mat_uint64_t' to 'mat_uint8_t', possible loss of data
     1>..\..\src\mat5.c(4703): warning C4018: '>' : signed/unsigned mismatch
     1>..\..\src\mat5.c(4705): warning C4018: '>' : signed/unsigned mismatch
     1>..\..\src\mat5.c(5482): warning C4018: '>' : signed/unsigned mismatch
         mat73.c
     1>..\..\src\mat73.c(600): warning C4244: 'function' : conversion from 'hsize_t' to 'size_t', possible loss of data
     1>..\..\src\mat73.c(605): warning C4244: 'function' : conversion from 'hsize_t' to 'size_t', possible loss of data
     1>..\..\src\mat73.c(823): warning C4244: 'function' : conversion from 'hsize_t' to 'size_t', possible loss of data
     1>..\..\src\mat73.c(911): warning C4244: 'function' : conversion from 'hsize_t' to 'size_t', possible loss of data
     1>..\..\src\mat73.c(926): warning C4244: 'function' : conversion from 'hsize_t' to 'size_t', possible loss of data
     1>..\..\src\mat73.c(933): warning C4996: 'strdup': The POSIX name for this item is deprecated. Instead, use the ISO C++ conformant name: _strdup. See online help for details.
                 c:\Program Files (x86)\Microsoft Visual Studio 10.0\VC\include\string.h(238) : see declaration of 'strdup'
     1>..\..\src\mat73.c(952): warning C4996: 'strdup': The POSIX name for this item is deprecated. Instead, use the ISO C++ conformant name: _strdup. See online help for details.
                 c:\Program Files (x86)\Microsoft Visual Studio 10.0\VC\include\string.h(238) : see declaration of 'strdup'
     1>..\..\src\mat73.c(961): warning C4996: 'strdup': The POSIX name for this item is deprecated. Instead, use the ISO C++ conformant name: _strdup. See online help for details.
                 c:\Program Files (x86)\Microsoft Visual Studio 10.0\VC\include\string.h(238) : see declaration of 'strdup'
     1>..\..\src\mat73.c(996): warning C4996: 'strdup': The POSIX name for this item is deprecated. Instead, use the ISO C++ conformant name: _strdup. See online help for details.
                 c:\Program Files (x86)\Microsoft Visual Studio 10.0\VC\include\string.h(238) : see declaration of 'strdup'
     1>..\..\src\mat73.c(1174): warning C4244: 'function' : conversion from 'hsize_t' to 'size_t', possible loss of data
     1>..\..\src\mat73.c(1279): warning C4244: 'function' : conversion from 'hsize_t' to 'size_t', possible loss of data
     1>..\..\src\mat73.c(1287): warning C4996: 'sprintf': This function or variable may be unsafe. Consider using sprintf_s instead. To disable deprecation, use _CRT_SECURE_NO_WARNINGS. See online help for details.
                 c:\Program Files (x86)\Microsoft Visual Studio 10.0\VC\include\stdio.h(371) : see declaration of 'sprintf'
     1>..\..\src\mat73.c(1292): warning C4996: 'sprintf': This function or variable may be unsafe. Consider using sprintf_s instead. To disable deprecation, use _CRT_SECURE_NO_WARNINGS. See online help for details.
                 c:\Program Files (x86)\Microsoft Visual Studio 10.0\VC\include\stdio.h(371) : see declaration of 'sprintf'
     1>..\..\src\mat73.c(1677): warning C4018: '<' : signed/unsigned mismatch
     1>..\..\src\mat73.c(1704): warning C4018: '<' : signed/unsigned mismatch
     1>..\..\src\mat73.c(1755): warning C4018: '<' : signed/unsigned mismatch
     1>..\..\src\mat73.c(1762): warning C4018: '<' : signed/unsigned mismatch
     1>..\..\src\mat73.c(1989): warning C4244: 'function' : conversion from 'hsize_t' to 'size_t', possible loss of data
     1>..\..\src\mat73.c(2031): warning C4244: 'function' : conversion from 'hsize_t' to 'size_t', possible loss of data
     1>..\..\src\mat73.c(2033): warning C4244: 'function' : conversion from 'hsize_t' to 'size_t', possible loss of data
     1>..\..\src\mat73.c(2039): warning C4996: 'sprintf': This function or variable may be unsafe. Consider using sprintf_s instead. To disable deprecation, use _CRT_SECURE_NO_WARNINGS. See online help for details.
                 c:\Program Files (x86)\Microsoft Visual Studio 10.0\VC\include\stdio.h(371) : see declaration of 'sprintf'
     1>..\..\src\mat73.c(2046): warning C4996: 'sprintf': This function or variable may be unsafe. Consider using sprintf_s instead. To disable deprecation, use _CRT_SECURE_NO_WARNINGS. See online help for details.
                 c:\Program Files (x86)\Microsoft Visual Studio 10.0\VC\include\stdio.h(371) : see declaration of 'sprintf'
     1>..\..\src\mat73.c(2243): warning C4996: 'fopen': This function or variable may be unsafe. Consider using fopen_s instead. To disable deprecation, use _CRT_SECURE_NO_WARNINGS. See online help for details.
                 c:\Program Files (x86)\Microsoft Visual Studio 10.0\VC\include\stdio.h(234) : see declaration of 'fopen'
     1>..\..\src\mat73.c(2279): warning C4996: 'ctime': This function or variable may be unsafe. Consider using ctime_s instead. To disable deprecation, use _CRT_SECURE_NO_WARNINGS. See online help for details.
                 c:\Program Files (x86)\Microsoft Visual Studio 10.0\VC\include\time.inl(86) : see declaration of 'ctime'
     1>..\..\src\mat73.c(2425): warning C4018: '<' : signed/unsigned mismatch
     1>..\..\src\mat73.c(2710): warning C4244: 'function' : conversion from 'hsize_t' to 'size_t', possible loss of data
     1>..\..\src\mat73.c(2730): warning C4244: '-=' : conversion from 'hsize_t' to 'size_t', possible loss of data
     1>..\..\src\mat73.c(2742): warning C4244: 'function' : conversion from 'hsize_t' to 'size_t', possible loss of data
     1>..\..\src\mat73.c(2838): warning C4996: 'strdup': The POSIX name for this item is deprecated. Instead, use the ISO C++ conformant name: _strdup. See online help for details.
                 c:\Program Files (x86)\Microsoft Visual Studio 10.0\VC\include\string.h(238) : see declaration of 'strdup'
         matvar_cell.c
         matvar_struct.c
     1>..\..\src\matvar_struct.c(59): warning C4996: 'strdup': The POSIX name for this item is deprecated. Instead, use the ISO C++ conformant name: _strdup. See online help for details.
                 c:\Program Files (x86)\Microsoft Visual Studio 10.0\VC\include\string.h(238) : see declaration of 'strdup'
     1>..\..\src\matvar_struct.c(79): warning C4018: '<' : signed/unsigned mismatch
     1>..\..\src\matvar_struct.c(85): warning C4996: 'strdup': The POSIX name for this item is deprecated. Instead, use the ISO C++ conformant name: _strdup. See online help for details.
                 c:\Program Files (x86)\Microsoft Visual Studio 10.0\VC\include\string.h(238) : see declaration of 'strdup'
     1>..\..\src\matvar_struct.c(94): warning C4018: '<' : signed/unsigned mismatch
     1>..\..\src\matvar_struct.c(129): warning C4996: 'strdup': The POSIX name for this item is deprecated. Instead, use the ISO C++ conformant name: _strdup. See online help for details.
                 c:\Program Files (x86)\Microsoft Visual Studio 10.0\VC\include\string.h(238) : see declaration of 'strdup'
     1>..\..\src\matvar_struct.c(217): warning C4018: '>' : signed/unsigned mismatch
     1>..\..\src\matvar_struct.c(360): warning C4018: '<' : signed/unsigned mismatch
     1>..\..\src\matvar_struct.c(376): warning C4018: '<' : signed/unsigned mismatch
     1>..\..\src\matvar_struct.c(393): warning C4018: '<' : signed/unsigned mismatch
     1>..\..\src\matvar_struct.c(498): warning C4018: '<' : signed/unsigned mismatch
     1>..\..\src\matvar_struct.c(505): warning C4996: 'strdup': The POSIX name for this item is deprecated. Instead, use the ISO C++ conformant name: _strdup. See online help for details.
                 c:\Program Files (x86)\Microsoft Visual Studio 10.0\VC\include\string.h(238) : see declaration of 'strdup'
     1>..\..\src\matvar_struct.c(554): warning C4996: 'strdup': The POSIX name for this item is deprecated. Instead, use the ISO C++ conformant name: _strdup. See online help for details.
                 c:\Program Files (x86)\Microsoft Visual Studio 10.0\VC\include\string.h(238) : see declaration of 'strdup'
         read_data.c
     1>..\..\src\read_data.c(338): warning C4244: '=' : conversion from 'mat_int64_t' to 'double', possible loss of data
     1>..\..\src\read_data.c(338): warning C4244: '=' : conversion from 'mat_int64_t' to 'double', possible loss of data
     1>..\..\src\read_data.c(338): warning C4244: '=' : conversion from 'mat_int64_t' to 'double', possible loss of data
     1>..\..\src\read_data.c(338): warning C4244: '=' : conversion from 'mat_int64_t' to 'double', possible loss of data
     1>..\..\src\read_data.c(338): warning C4244: '=' : conversion from 'mat_int64_t' to 'double', possible loss of data
     1>..\..\src\read_data.c(338): warning C4244: '=' : conversion from 'mat_int64_t' to 'double', possible loss of data
     1>..\..\src\read_data.c(346): warning C4244: '=' : conversion from 'mat_uint64_t' to 'double', possible loss of data
     1>..\..\src\read_data.c(346): warning C4244: '=' : conversion from 'mat_uint64_t' to 'double', possible loss of data
     1>..\..\src\read_data.c(346): warning C4244: '=' : conversion from 'mat_uint64_t' to 'double', possible loss of data
     1>..\..\src\read_data.c(346): warning C4244: '=' : conversion from 'mat_uint64_t' to 'double', possible loss of data
     1>..\..\src\read_data.c(346): warning C4244: '=' : conversion from 'mat_uint64_t' to 'double', possible loss of data
     1>..\..\src\read_data.c(346): warning C4244: '=' : conversion from 'mat_uint64_t' to 'double', possible loss of data
     1>..\..\src\read_data.c(490): warning C4244: '=' : conversion from 'mat_int64_t' to 'double', possible loss of data
     1>..\..\src\read_data.c(497): warning C4244: '=' : conversion from 'mat_int64_t' to 'double', possible loss of data
     1>..\..\src\read_data.c(502): warning C4244: '=' : conversion from 'mat_int64_t' to 'double', possible loss of data
     1>..\..\src\read_data.c(508): warning C4244: '=' : conversion from 'mat_int64_t' to 'double', possible loss of data
     1>..\..\src\read_data.c(515): warning C4244: '=' : conversion from 'mat_int64_t' to 'double', possible loss of data
     1>..\..\src\read_data.c(520): warning C4244: '=' : conversion from 'mat_int64_t' to 'double', possible loss of data
     1>..\..\src\read_data.c(533): warning C4244: '=' : conversion from 'mat_uint64_t' to 'double', possible loss of data
     1>..\..\src\read_data.c(540): warning C4244: '=' : conversion from 'mat_uint64_t' to 'double', possible loss of data
     1>..\..\src\read_data.c(545): warning C4244: '=' : conversion from 'mat_uint64_t' to 'double', possible loss of data
     1>..\..\src\read_data.c(551): warning C4244: '=' : conversion from 'mat_uint64_t' to 'double', possible loss of data
     1>..\..\src\read_data.c(558): warning C4244: '=' : conversion from 'mat_uint64_t' to 'double', possible loss of data
     1>..\..\src\read_data.c(563): warning C4244: '=' : conversion from 'mat_uint64_t' to 'double', possible loss of data
     1>..\..\src\read_data.c(804): warning C4244: '=' : conversion from 'double' to 'float', possible loss of data
     1>..\..\src\read_data.c(804): warning C4244: '=' : conversion from 'double' to 'float', possible loss of data
     1>..\..\src\read_data.c(804): warning C4244: '=' : conversion from 'double' to 'float', possible loss of data
     1>..\..\src\read_data.c(804): warning C4244: '=' : conversion from 'double' to 'float', possible loss of data
     1>..\..\src\read_data.c(804): warning C4244: '=' : conversion from 'double' to 'float', possible loss of data
     1>..\..\src\read_data.c(804): warning C4244: '=' : conversion from 'double' to 'float', possible loss of data
     1>..\..\src\read_data.c(804): warning C4244: '=' : conversion from 'mat_int32_t' to 'float', possible loss of data
     1>..\..\src\read_data.c(804): warning C4244: '=' : conversion from 'mat_int32_t' to 'float', possible loss of data
     1>..\..\src\read_data.c(804): warning C4244: '=' : conversion from 'mat_int32_t' to 'float', possible loss of data
     1>..\..\src\read_data.c(804): warning C4244: '=' : conversion from 'mat_int32_t' to 'float', possible loss of data
     1>..\..\src\read_data.c(804): warning C4244: '=' : conversion from 'mat_int32_t' to 'float', possible loss of data
     1>..\..\src\read_data.c(804): warning C4244: '=' : conversion from 'mat_int32_t' to 'float', possible loss of data
     1>..\..\src\read_data.c(804): warning C4244: '=' : conversion from 'mat_uint32_t' to 'float', possible loss of data
     1>..\..\src\read_data.c(804): warning C4244: '=' : conversion from 'mat_uint32_t' to 'float', possible loss of data
     1>..\..\src\read_data.c(804): warning C4244: '=' : conversion from 'mat_uint32_t' to 'float', possible loss of data
     1>..\..\src\read_data.c(804): warning C4244: '=' : conversion from 'mat_uint32_t' to 'float', possible loss of data
     1>..\..\src\read_data.c(804): warning C4244: '=' : conversion from 'mat_uint32_t' to 'float', possible loss of data
     1>..\..\src\read_data.c(804): warning C4244: '=' : conversion from 'mat_uint32_t' to 'float', possible loss of data
     1>..\..\src\read_data.c(804): warning C4244: '=' : conversion from 'mat_int64_t' to 'float', possible loss of data
     1>..\..\src\read_data.c(804): warning C4244: '=' : conversion from 'mat_int64_t' to 'float', possible loss of data
     1>..\..\src\read_data.c(804): warning C4244: '=' : conversion from 'mat_int64_t' to 'float', possible loss of data
     1>..\..\src\read_data.c(804): warning C4244: '=' : conversion from 'mat_int64_t' to 'float', possible loss of data
     1>..\..\src\read_data.c(804): warning C4244: '=' : conversion from 'mat_int64_t' to 'float', possible loss of data
     1>..\..\src\read_data.c(804): warning C4244: '=' : conversion from 'mat_int64_t' to 'float', possible loss of data
     1>..\..\src\read_data.c(804): warning C4244: '=' : conversion from 'mat_uint64_t' to 'float', possible loss of data
     1>..\..\src\read_data.c(804): warning C4244: '=' : conversion from 'mat_uint64_t' to 'float', possible loss of data
     1>..\..\src\read_data.c(804): warning C4244: '=' : conversion from 'mat_uint64_t' to 'float', possible loss of data
     1>..\..\src\read_data.c(804): warning C4244: '=' : conversion from 'mat_uint64_t' to 'float', possible loss of data
     1>..\..\src\read_data.c(804): warning C4244: '=' : conversion from 'mat_uint64_t' to 'float', possible loss of data
     1>..\..\src\read_data.c(804): warning C4244: '=' : conversion from 'mat_uint64_t' to 'float', possible loss of data
     1>..\..\src\read_data.c(833): warning C4244: '=' : conversion from 'double' to 'float', possible loss of data
     1>..\..\src\read_data.c(833): warning C4244: '=' : conversion from 'double' to 'float', possible loss of data
     1>..\..\src\read_data.c(833): warning C4244: '=' : conversion from 'mat_int32_t' to 'float', possible loss of data
     1>..\..\src\read_data.c(833): warning C4244: '=' : conversion from 'mat_int32_t' to 'float', possible loss of data
     1>..\..\src\read_data.c(833): warning C4244: '=' : conversion from 'mat_uint32_t' to 'float', possible loss of data
     1>..\..\src\read_data.c(833): warning C4244: '=' : conversion from 'mat_uint32_t' to 'float', possible loss of data
     1>..\..\src\read_data.c(833): warning C4244: '=' : conversion from 'mat_int64_t' to 'float', possible loss of data
     1>..\..\src\read_data.c(833): warning C4244: '=' : conversion from 'mat_int64_t' to 'float', possible loss of data
     1>..\..\src\read_data.c(833): warning C4244: '=' : conversion from 'mat_uint64_t' to 'float', possible loss of data
     1>..\..\src\read_data.c(833): warning C4244: '=' : conversion from 'mat_uint64_t' to 'float', possible loss of data
     1>..\..\src\read_data.c(862): warning C4244: '=' : conversion from 'double' to 'mat_int64_t', possible loss of data
     1>..\..\src\read_data.c(862): warning C4244: '=' : conversion from 'double' to 'mat_int64_t', possible loss of data
     1>..\..\src\read_data.c(862): warning C4244: '=' : conversion from 'double' to 'mat_int64_t', possible loss of data
     1>..\..\src\read_data.c(862): warning C4244: '=' : conversion from 'double' to 'mat_int64_t', possible loss of data
     1>..\..\src\read_data.c(862): warning C4244: '=' : conversion from 'double' to 'mat_int64_t', possible loss of data
     1>..\..\src\read_data.c(862): warning C4244: '=' : conversion from 'double' to 'mat_int64_t', possible loss of data
     1>..\..\src\read_data.c(862): warning C4244: '=' : conversion from 'float' to 'mat_int64_t', possible loss of data
     1>..\..\src\read_data.c(862): warning C4244: '=' : conversion from 'float' to 'mat_int64_t', possible loss of data
     1>..\..\src\read_data.c(862): warning C4244: '=' : conversion from 'float' to 'mat_int64_t', possible loss of data
     1>..\..\src\read_data.c(862): warning C4244: '=' : conversion from 'float' to 'mat_int64_t', possible loss of data
     1>..\..\src\read_data.c(862): warning C4244: '=' : conversion from 'float' to 'mat_int64_t', possible loss of data
     1>..\..\src\read_data.c(862): warning C4244: '=' : conversion from 'float' to 'mat_int64_t', possible loss of data
     1>..\..\src\read_data.c(892): warning C4244: '=' : conversion from 'double' to 'mat_int64_t', possible loss of data
     1>..\..\src\read_data.c(892): warning C4244: '=' : conversion from 'double' to 'mat_int64_t', possible loss of data
     1>..\..\src\read_data.c(892): warning C4244: '=' : conversion from 'float' to 'mat_int64_t', possible loss of data
     1>..\..\src\read_data.c(892): warning C4244: '=' : conversion from 'float' to 'mat_int64_t', possible loss of data
     1>..\..\src\read_data.c(922): warning C4244: '=' : conversion from 'double' to 'mat_uint64_t', possible loss of data
     1>..\..\src\read_data.c(922): warning C4244: '=' : conversion from 'double' to 'mat_uint64_t', possible loss of data
     1>..\..\src\read_data.c(922): warning C4244: '=' : conversion from 'double' to 'mat_uint64_t', possible loss of data
     1>..\..\src\read_data.c(922): warning C4244: '=' : conversion from 'double' to 'mat_uint64_t', possible loss of data
     1>..\..\src\read_data.c(922): warning C4244: '=' : conversion from 'double' to 'mat_uint64_t', possible loss of data
     1>..\..\src\read_data.c(922): warning C4244: '=' : conversion from 'double' to 'mat_uint64_t', possible loss of data
     1>..\..\src\read_data.c(922): warning C4244: '=' : conversion from 'float' to 'mat_uint64_t', possible loss of data
     1>..\..\src\read_data.c(922): warning C4244: '=' : conversion from 'float' to 'mat_uint64_t', possible loss of data
     1>..\..\src\read_data.c(922): warning C4244: '=' : conversion from 'float' to 'mat_uint64_t', possible loss of data
     1>..\..\src\read_data.c(922): warning C4244: '=' : conversion from 'float' to 'mat_uint64_t', possible loss of data
     1>..\..\src\read_data.c(922): warning C4244: '=' : conversion from 'float' to 'mat_uint64_t', possible loss of data
     1>..\..\src\read_data.c(922): warning C4244: '=' : conversion from 'float' to 'mat_uint64_t', possible loss of data
     1>..\..\src\read_data.c(953): warning C4244: '=' : conversion from 'double' to 'mat_uint64_t', possible loss of data
     1>..\..\src\read_data.c(953): warning C4244: '=' : conversion from 'double' to 'mat_uint64_t', possible loss of data
     1>..\..\src\read_data.c(953): warning C4244: '=' : conversion from 'float' to 'mat_uint64_t', possible loss of data
     1>..\..\src\read_data.c(953): warning C4244: '=' : conversion from 'float' to 'mat_uint64_t', possible loss of data
     1>..\..\src\read_data.c(982): warning C4244: '=' : conversion from 'double' to 'mat_int32_t', possible loss of data
     1>..\..\src\read_data.c(982): warning C4244: '=' : conversion from 'double' to 'mat_int32_t', possible loss of data
     1>..\..\src\read_data.c(982): warning C4244: '=' : conversion from 'double' to 'mat_int32_t', possible loss of data
     1>..\..\src\read_data.c(982): warning C4244: '=' : conversion from 'double' to 'mat_int32_t', possible loss of data
     1>..\..\src\read_data.c(982): warning C4244: '=' : conversion from 'double' to 'mat_int32_t', possible loss of data
     1>..\..\src\read_data.c(982): warning C4244: '=' : conversion from 'double' to 'mat_int32_t', possible loss of data
     1>..\..\src\read_data.c(982): warning C4244: '=' : conversion from 'float' to 'mat_int32_t', possible loss of data
     1>..\..\src\read_data.c(982): warning C4244: '=' : conversion from 'float' to 'mat_int32_t', possible loss of data
     1>..\..\src\read_data.c(982): warning C4244: '=' : conversion from 'float' to 'mat_int32_t', possible loss of data
     1>..\..\src\read_data.c(982): warning C4244: '=' : conversion from 'float' to 'mat_int32_t', possible loss of data
     1>..\..\src\read_data.c(982): warning C4244: '=' : conversion from 'float' to 'mat_int32_t', possible loss of data
     1>..\..\src\read_data.c(982): warning C4244: '=' : conversion from 'float' to 'mat_int32_t', possible loss of data
     1>..\..\src\read_data.c(982): warning C4244: '=' : conversion from 'mat_int64_t' to 'mat_int32_t', possible loss of data
     1>..\..\src\read_data.c(982): warning C4244: '=' : conversion from 'mat_int64_t' to 'mat_int32_t', possible loss of data
     1>..\..\src\read_data.c(982): warning C4244: '=' : conversion from 'mat_int64_t' to 'mat_int32_t', possible loss of data
     1>..\..\src\read_data.c(982): warning C4244: '=' : conversion from 'mat_int64_t' to 'mat_int32_t', possible loss of data
     1>..\..\src\read_data.c(982): warning C4244: '=' : conversion from 'mat_int64_t' to 'mat_int32_t', possible loss of data
     1>..\..\src\read_data.c(982): warning C4244: '=' : conversion from 'mat_int64_t' to 'mat_int32_t', possible loss of data
     1>..\..\src\read_data.c(982): warning C4244: '=' : conversion from 'mat_uint64_t' to 'mat_int32_t', possible loss of data
     1>..\..\src\read_data.c(982): warning C4244: '=' : conversion from 'mat_uint64_t' to 'mat_int32_t', possible loss of data
     1>..\..\src\read_data.c(982): warning C4244: '=' : conversion from 'mat_uint64_t' to 'mat_int32_t', possible loss of data
     1>..\..\src\read_data.c(982): warning C4244: '=' : conversion from 'mat_uint64_t' to 'mat_int32_t', possible loss of data
     1>..\..\src\read_data.c(982): warning C4244: '=' : conversion from 'mat_uint64_t' to 'mat_int32_t', possible loss of data
     1>..\..\src\read_data.c(982): warning C4244: '=' : conversion from 'mat_uint64_t' to 'mat_int32_t', possible loss of data
     1>..\..\src\read_data.c(1012): warning C4244: '=' : conversion from 'double' to 'mat_int32_t', possible loss of data
     1>..\..\src\read_data.c(1012): warning C4244: '=' : conversion from 'double' to 'mat_int32_t', possible loss of data
     1>..\..\src\read_data.c(1012): warning C4244: '=' : conversion from 'float' to 'mat_int32_t', possible loss of data
     1>..\..\src\read_data.c(1012): warning C4244: '=' : conversion from 'float' to 'mat_int32_t', possible loss of data
     1>..\..\src\read_data.c(1012): warning C4244: '=' : conversion from 'mat_int64_t' to 'mat_int32_t', possible loss of data
     1>..\..\src\read_data.c(1012): warning C4244: '=' : conversion from 'mat_int64_t' to 'mat_int32_t', possible loss of data
     1>..\..\src\read_data.c(1012): warning C4244: '=' : conversion from 'mat_uint64_t' to 'mat_int32_t', possible loss of data
     1>..\..\src\read_data.c(1012): warning C4244: '=' : conversion from 'mat_uint64_t' to 'mat_int32_t', possible loss of data
     1>..\..\src\read_data.c(1040): warning C4244: '=' : conversion from 'double' to 'mat_uint32_t', possible loss of data
     1>..\..\src\read_data.c(1040): warning C4244: '=' : conversion from 'double' to 'mat_uint32_t', possible loss of data
     1>..\..\src\read_data.c(1040): warning C4244: '=' : conversion from 'double' to 'mat_uint32_t', possible loss of data
     1>..\..\src\read_data.c(1040): warning C4244: '=' : conversion from 'double' to 'mat_uint32_t', possible loss of data
     1>..\..\src\read_data.c(1040): warning C4244: '=' : conversion from 'double' to 'mat_uint32_t', possible loss of data
     1>..\..\src\read_data.c(1040): warning C4244: '=' : conversion from 'double' to 'mat_uint32_t', possible loss of data
     1>..\..\src\read_data.c(1040): warning C4244: '=' : conversion from 'float' to 'mat_uint32_t', possible loss of data
     1>..\..\src\read_data.c(1040): warning C4244: '=' : conversion from 'float' to 'mat_uint32_t', possible loss of data
     1>..\..\src\read_data.c(1040): warning C4244: '=' : conversion from 'float' to 'mat_uint32_t', possible loss of data
     1>..\..\src\read_data.c(1040): warning C4244: '=' : conversion from 'float' to 'mat_uint32_t', possible loss of data
     1>..\..\src\read_data.c(1040): warning C4244: '=' : conversion from 'float' to 'mat_uint32_t', possible loss of data
     1>..\..\src\read_data.c(1040): warning C4244: '=' : conversion from 'float' to 'mat_uint32_t', possible loss of data
     1>..\..\src\read_data.c(1040): warning C4244: '=' : conversion from 'mat_int64_t' to 'mat_uint32_t', possible loss of data
     1>..\..\src\read_data.c(1040): warning C4244: '=' : conversion from 'mat_int64_t' to 'mat_uint32_t', possible loss of data
     1>..\..\src\read_data.c(1040): warning C4244: '=' : conversion from 'mat_int64_t' to 'mat_uint32_t', possible loss of data
     1>..\..\src\read_data.c(1040): warning C4244: '=' : conversion from 'mat_int64_t' to 'mat_uint32_t', possible loss of data
     1>..\..\src\read_data.c(1040): warning C4244: '=' : conversion from 'mat_int64_t' to 'mat_uint32_t', possible loss of data
     1>..\..\src\read_data.c(1040): warning C4244: '=' : conversion from 'mat_int64_t' to 'mat_uint32_t', possible loss of data
     1>..\..\src\read_data.c(1040): warning C4244: '=' : conversion from 'mat_uint64_t' to 'mat_uint32_t', possible loss of data
     1>..\..\src\read_data.c(1040): warning C4244: '=' : conversion from 'mat_uint64_t' to 'mat_uint32_t', possible loss of data
     1>..\..\src\read_data.c(1040): warning C4244: '=' : conversion from 'mat_uint64_t' to 'mat_uint32_t', possible loss of data
     1>..\..\src\read_data.c(1040): warning C4244: '=' : conversion from 'mat_uint64_t' to 'mat_uint32_t', possible loss of data
     1>..\..\src\read_data.c(1040): warning C4244: '=' : conversion from 'mat_uint64_t' to 'mat_uint32_t', possible loss of data
     1>..\..\src\read_data.c(1040): warning C4244: '=' : conversion from 'mat_uint64_t' to 'mat_uint32_t', possible loss of data
     1>..\..\src\read_data.c(1070): warning C4244: '=' : conversion from 'double' to 'mat_uint32_t', possible loss of data
     1>..\..\src\read_data.c(1070): warning C4244: '=' : conversion from 'double' to 'mat_uint32_t', possible loss of data
     1>..\..\src\read_data.c(1070): warning C4244: '=' : conversion from 'float' to 'mat_uint32_t', possible loss of data
     1>..\..\src\read_data.c(1070): warning C4244: '=' : conversion from 'float' to 'mat_uint32_t', possible loss of data
     1>..\..\src\read_data.c(1070): warning C4244: '=' : conversion from 'mat_int64_t' to 'mat_uint32_t', possible loss of data
     1>..\..\src\read_data.c(1070): warning C4244: '=' : conversion from 'mat_int64_t' to 'mat_uint32_t', possible loss of data
     1>..\..\src\read_data.c(1070): warning C4244: '=' : conversion from 'mat_uint64_t' to 'mat_uint32_t', possible loss of data
     1>..\..\src\read_data.c(1070): warning C4244: '=' : conversion from 'mat_uint64_t' to 'mat_uint32_t', possible loss of data
     1>..\..\src\read_data.c(1098): warning C4244: '=' : conversion from 'double' to 'mat_int16_t', possible loss of data
     1>..\..\src\read_data.c(1098): warning C4244: '=' : conversion from 'double' to 'mat_int16_t', possible loss of data
     1>..\..\src\read_data.c(1098): warning C4244: '=' : conversion from 'double' to 'mat_int16_t', possible loss of data
     1>..\..\src\read_data.c(1098): warning C4244: '=' : conversion from 'double' to 'mat_int16_t', possible loss of data
     1>..\..\src\read_data.c(1098): warning C4244: '=' : conversion from 'double' to 'mat_int16_t', possible loss of data
     1>..\..\src\read_data.c(1098): warning C4244: '=' : conversion from 'double' to 'mat_int16_t', possible loss of data
     1>..\..\src\read_data.c(1098): warning C4244: '=' : conversion from 'float' to 'mat_int16_t', possible loss of data
     1>..\..\src\read_data.c(1098): warning C4244: '=' : conversion from 'float' to 'mat_int16_t', possible loss of data
     1>..\..\src\read_data.c(1098): warning C4244: '=' : conversion from 'float' to 'mat_int16_t', possible loss of data
     1>..\..\src\read_data.c(1098): warning C4244: '=' : conversion from 'float' to 'mat_int16_t', possible loss of data
     1>..\..\src\read_data.c(1098): warning C4244: '=' : conversion from 'float' to 'mat_int16_t', possible loss of data
     1>..\..\src\read_data.c(1098): warning C4244: '=' : conversion from 'float' to 'mat_int16_t', possible loss of data
     1>..\..\src\read_data.c(1098): warning C4244: '=' : conversion from 'mat_int64_t' to 'mat_int16_t', possible loss of data
     1>..\..\src\read_data.c(1098): warning C4244: '=' : conversion from 'mat_int64_t' to 'mat_int16_t', possible loss of data
     1>..\..\src\read_data.c(1098): warning C4244: '=' : conversion from 'mat_int64_t' to 'mat_int16_t', possible loss of data
     1>..\..\src\read_data.c(1098): warning C4244: '=' : conversion from 'mat_int64_t' to 'mat_int16_t', possible loss of data
     1>..\..\src\read_data.c(1098): warning C4244: '=' : conversion from 'mat_int64_t' to 'mat_int16_t', possible loss of data
     1>..\..\src\read_data.c(1098): warning C4244: '=' : conversion from 'mat_int64_t' to 'mat_int16_t', possible loss of data
     1>..\..\src\read_data.c(1098): warning C4244: '=' : conversion from 'mat_uint64_t' to 'mat_int16_t', possible loss of data
     1>..\..\src\read_data.c(1098): warning C4244: '=' : conversion from 'mat_uint64_t' to 'mat_int16_t', possible loss of data
     1>..\..\src\read_data.c(1098): warning C4244: '=' : conversion from 'mat_uint64_t' to 'mat_int16_t', possible loss of data
     1>..\..\src\read_data.c(1098): warning C4244: '=' : conversion from 'mat_uint64_t' to 'mat_int16_t', possible loss of data
     1>..\..\src\read_data.c(1098): warning C4244: '=' : conversion from 'mat_uint64_t' to 'mat_int16_t', possible loss of data
     1>..\..\src\read_data.c(1098): warning C4244: '=' : conversion from 'mat_uint64_t' to 'mat_int16_t', possible loss of data
     1>..\..\src\read_data.c(1128): warning C4244: '=' : conversion from 'double' to 'mat_int16_t', possible loss of data
     1>..\..\src\read_data.c(1128): warning C4244: '=' : conversion from 'double' to 'mat_int16_t', possible loss of data
     1>..\..\src\read_data.c(1128): warning C4244: '=' : conversion from 'float' to 'mat_int16_t', possible loss of data
     1>..\..\src\read_data.c(1128): warning C4244: '=' : conversion from 'float' to 'mat_int16_t', possible loss of data
     1>..\..\src\read_data.c(1128): warning C4244: '=' : conversion from 'mat_int64_t' to 'mat_int16_t', possible loss of data
     1>..\..\src\read_data.c(1128): warning C4244: '=' : conversion from 'mat_int64_t' to 'mat_int16_t', possible loss of data
     1>..\..\src\read_data.c(1128): warning C4244: '=' : conversion from 'mat_uint64_t' to 'mat_int16_t', possible loss of data
     1>..\..\src\read_data.c(1128): warning C4244: '=' : conversion from 'mat_uint64_t' to 'mat_int16_t', possible loss of data
     1>..\..\src\read_data.c(1156): warning C4244: '=' : conversion from 'double' to 'mat_uint16_t', possible loss of data
     1>..\..\src\read_data.c(1156): warning C4244: '=' : conversion from 'double' to 'mat_uint16_t', possible loss of data
     1>..\..\src\read_data.c(1156): warning C4244: '=' : conversion from 'double' to 'mat_uint16_t', possible loss of data
     1>..\..\src\read_data.c(1156): warning C4244: '=' : conversion from 'double' to 'mat_uint16_t', possible loss of data
     1>..\..\src\read_data.c(1156): warning C4244: '=' : conversion from 'double' to 'mat_uint16_t', possible loss of data
     1>..\..\src\read_data.c(1156): warning C4244: '=' : conversion from 'double' to 'mat_uint16_t', possible loss of data
     1>..\..\src\read_data.c(1156): warning C4244: '=' : conversion from 'float' to 'mat_uint16_t', possible loss of data
     1>..\..\src\read_data.c(1156): warning C4244: '=' : conversion from 'float' to 'mat_uint16_t', possible loss of data
     1>..\..\src\read_data.c(1156): warning C4244: '=' : conversion from 'float' to 'mat_uint16_t', possible loss of data
     1>..\..\src\read_data.c(1156): warning C4244: '=' : conversion from 'float' to 'mat_uint16_t', possible loss of data
     1>..\..\src\read_data.c(1156): warning C4244: '=' : conversion from 'float' to 'mat_uint16_t', possible loss of data
     1>..\..\src\read_data.c(1156): warning C4244: '=' : conversion from 'float' to 'mat_uint16_t', possible loss of data
     1>..\..\src\read_data.c(1156): warning C4244: '=' : conversion from 'mat_int64_t' to 'mat_uint16_t', possible loss of data
     1>..\..\src\read_data.c(1156): warning C4244: '=' : conversion from 'mat_int64_t' to 'mat_uint16_t', possible loss of data
     1>..\..\src\read_data.c(1156): warning C4244: '=' : conversion from 'mat_int64_t' to 'mat_uint16_t', possible loss of data
     1>..\..\src\read_data.c(1156): warning C4244: '=' : conversion from 'mat_int64_t' to 'mat_uint16_t', possible loss of data
     1>..\..\src\read_data.c(1156): warning C4244: '=' : conversion from 'mat_int64_t' to 'mat_uint16_t', possible loss of data
     1>..\..\src\read_data.c(1156): warning C4244: '=' : conversion from 'mat_int64_t' to 'mat_uint16_t', possible loss of data
     1>..\..\src\read_data.c(1156): warning C4244: '=' : conversion from 'mat_uint64_t' to 'mat_uint16_t', possible loss of data
     1>..\..\src\read_data.c(1156): warning C4244: '=' : conversion from 'mat_uint64_t' to 'mat_uint16_t', possible loss of data
     1>..\..\src\read_data.c(1156): warning C4244: '=' : conversion from 'mat_uint64_t' to 'mat_uint16_t', possible loss of data
     1>..\..\src\read_data.c(1156): warning C4244: '=' : conversion from 'mat_uint64_t' to 'mat_uint16_t', possible loss of data
     1>..\..\src\read_data.c(1156): warning C4244: '=' : conversion from 'mat_uint64_t' to 'mat_uint16_t', possible loss of data
     1>..\..\src\read_data.c(1156): warning C4244: '=' : conversion from 'mat_uint64_t' to 'mat_uint16_t', possible loss of data
     1>..\..\src\read_data.c(1186): warning C4244: '=' : conversion from 'double' to 'mat_uint16_t', possible loss of data
     1>..\..\src\read_data.c(1186): warning C4244: '=' : conversion from 'double' to 'mat_uint16_t', possible loss of data
     1>..\..\src\read_data.c(1186): warning C4244: '=' : conversion from 'float' to 'mat_uint16_t', possible loss of data
     1>..\..\src\read_data.c(1186): warning C4244: '=' : conversion from 'float' to 'mat_uint16_t', possible loss of data
     1>..\..\src\read_data.c(1186): warning C4244: '=' : conversion from 'mat_int64_t' to 'mat_uint16_t', possible loss of data
     1>..\..\src\read_data.c(1186): warning C4244: '=' : conversion from 'mat_int64_t' to 'mat_uint16_t', possible loss of data
     1>..\..\src\read_data.c(1186): warning C4244: '=' : conversion from 'mat_uint64_t' to 'mat_uint16_t', possible loss of data
     1>..\..\src\read_data.c(1186): warning C4244: '=' : conversion from 'mat_uint64_t' to 'mat_uint16_t', possible loss of data
     1>..\..\src\read_data.c(1214): warning C4244: '=' : conversion from 'double' to 'mat_int8_t', possible loss of data
     1>..\..\src\read_data.c(1214): warning C4244: '=' : conversion from 'double' to 'mat_int8_t', possible loss of data
     1>..\..\src\read_data.c(1214): warning C4244: '=' : conversion from 'double' to 'mat_int8_t', possible loss of data
     1>..\..\src\read_data.c(1214): warning C4244: '=' : conversion from 'double' to 'mat_int8_t', possible loss of data
     1>..\..\src\read_data.c(1214): warning C4244: '=' : conversion from 'double' to 'mat_int8_t', possible loss of data
     1>..\..\src\read_data.c(1214): warning C4244: '=' : conversion from 'double' to 'mat_int8_t', possible loss of data
     1>..\..\src\read_data.c(1214): warning C4244: '=' : conversion from 'float' to 'mat_int8_t', possible loss of data
     1>..\..\src\read_data.c(1214): warning C4244: '=' : conversion from 'float' to 'mat_int8_t', possible loss of data
     1>..\..\src\read_data.c(1214): warning C4244: '=' : conversion from 'float' to 'mat_int8_t', possible loss of data
     1>..\..\src\read_data.c(1214): warning C4244: '=' : conversion from 'float' to 'mat_int8_t', possible loss of data
     1>..\..\src\read_data.c(1214): warning C4244: '=' : conversion from 'float' to 'mat_int8_t', possible loss of data
     1>..\..\src\read_data.c(1214): warning C4244: '=' : conversion from 'float' to 'mat_int8_t', possible loss of data
     1>..\..\src\read_data.c(1214): warning C4244: '=' : conversion from 'mat_int16_t' to 'mat_int8_t', possible loss of data
     1>..\..\src\read_data.c(1214): warning C4244: '=' : conversion from 'mat_int16_t' to 'mat_int8_t', possible loss of data
     1>..\..\src\read_data.c(1214): warning C4244: '=' : conversion from 'mat_int16_t' to 'mat_int8_t', possible loss of data
     1>..\..\src\read_data.c(1214): warning C4244: '=' : conversion from 'mat_int16_t' to 'mat_int8_t', possible loss of data
     1>..\..\src\read_data.c(1214): warning C4244: '=' : conversion from 'mat_int16_t' to 'mat_int8_t', possible loss of data
     1>..\..\src\read_data.c(1214): warning C4244: '=' : conversion from 'mat_int16_t' to 'mat_int8_t', possible loss of data
     1>..\..\src\read_data.c(1214): warning C4244: '=' : conversion from 'mat_uint16_t' to 'mat_int8_t', possible loss of data
     1>..\..\src\read_data.c(1214): warning C4244: '=' : conversion from 'mat_uint16_t' to 'mat_int8_t', possible loss of data
     1>..\..\src\read_data.c(1214): warning C4244: '=' : conversion from 'mat_uint16_t' to 'mat_int8_t', possible loss of data
     1>..\..\src\read_data.c(1214): warning C4244: '=' : conversion from 'mat_uint16_t' to 'mat_int8_t', possible loss of data
     1>..\..\src\read_data.c(1214): warning C4244: '=' : conversion from 'mat_uint16_t' to 'mat_int8_t', possible loss of data
     1>..\..\src\read_data.c(1214): warning C4244: '=' : conversion from 'mat_uint16_t' to 'mat_int8_t', possible loss of data
     1>..\..\src\read_data.c(1214): warning C4244: '=' : conversion from 'mat_int64_t' to 'mat_int8_t', possible loss of data
     1>..\..\src\read_data.c(1214): warning C4244: '=' : conversion from 'mat_int64_t' to 'mat_int8_t', possible loss of data
     1>..\..\src\read_data.c(1214): warning C4244: '=' : conversion from 'mat_int64_t' to 'mat_int8_t', possible loss of data
     1>..\..\src\read_data.c(1214): warning C4244: '=' : conversion from 'mat_int64_t' to 'mat_int8_t', possible loss of data
     1>..\..\src\read_data.c(1214): warning C4244: '=' : conversion from 'mat_int64_t' to 'mat_int8_t', possible loss of data
     1>..\..\src\read_data.c(1214): warning C4244: '=' : conversion from 'mat_int64_t' to 'mat_int8_t', possible loss of data
     1>..\..\src\read_data.c(1214): warning C4244: '=' : conversion from 'mat_uint64_t' to 'mat_int8_t', possible loss of data
     1>..\..\src\read_data.c(1214): warning C4244: '=' : conversion from 'mat_uint64_t' to 'mat_int8_t', possible loss of data
     1>..\..\src\read_data.c(1214): warning C4244: '=' : conversion from 'mat_uint64_t' to 'mat_int8_t', possible loss of data
     1>..\..\src\read_data.c(1214): warning C4244: '=' : conversion from 'mat_uint64_t' to 'mat_int8_t', possible loss of data
     1>..\..\src\read_data.c(1214): warning C4244: '=' : conversion from 'mat_uint64_t' to 'mat_int8_t', possible loss of data
     1>..\..\src\read_data.c(1214): warning C4244: '=' : conversion from 'mat_uint64_t' to 'mat_int8_t', possible loss of data
     1>..\..\src\read_data.c(1244): warning C4244: '=' : conversion from 'double' to 'mat_int8_t', possible loss of data
     1>..\..\src\read_data.c(1244): warning C4244: '=' : conversion from 'double' to 'mat_int8_t', possible loss of data
     1>..\..\src\read_data.c(1244): warning C4244: '=' : conversion from 'float' to 'mat_int8_t', possible loss of data
     1>..\..\src\read_data.c(1244): warning C4244: '=' : conversion from 'float' to 'mat_int8_t', possible loss of data
     1>..\..\src\read_data.c(1244): warning C4244: '=' : conversion from 'mat_int16_t' to 'mat_int8_t', possible loss of data
     1>..\..\src\read_data.c(1244): warning C4244: '=' : conversion from 'mat_int16_t' to 'mat_int8_t', possible loss of data
     1>..\..\src\read_data.c(1244): warning C4244: '=' : conversion from 'mat_uint16_t' to 'mat_int8_t', possible loss of data
     1>..\..\src\read_data.c(1244): warning C4244: '=' : conversion from 'mat_uint16_t' to 'mat_int8_t', possible loss of data
     1>..\..\src\read_data.c(1244): warning C4244: '=' : conversion from 'mat_int64_t' to 'mat_int8_t', possible loss of data
     1>..\..\src\read_data.c(1244): warning C4244: '=' : conversion from 'mat_int64_t' to 'mat_int8_t', possible loss of data
     1>..\..\src\read_data.c(1244): warning C4244: '=' : conversion from 'mat_uint64_t' to 'mat_int8_t', possible loss of data
     1>..\..\src\read_data.c(1244): warning C4244: '=' : conversion from 'mat_uint64_t' to 'mat_int8_t', possible loss of data
     1>..\..\src\read_data.c(1272): warning C4244: '=' : conversion from 'double' to 'mat_uint8_t', possible loss of data
     1>..\..\src\read_data.c(1272): warning C4244: '=' : conversion from 'double' to 'mat_uint8_t', possible loss of data
     1>..\..\src\read_data.c(1272): warning C4244: '=' : conversion from 'double' to 'mat_uint8_t', possible loss of data
     1>..\..\src\read_data.c(1272): warning C4244: '=' : conversion from 'double' to 'mat_uint8_t', possible loss of data
     1>..\..\src\read_data.c(1272): warning C4244: '=' : conversion from 'double' to 'mat_uint8_t', possible loss of data
     1>..\..\src\read_data.c(1272): warning C4244: '=' : conversion from 'double' to 'mat_uint8_t', possible loss of data
     1>..\..\src\read_data.c(1272): warning C4244: '=' : conversion from 'float' to 'mat_uint8_t', possible loss of data
     1>..\..\src\read_data.c(1272): warning C4244: '=' : conversion from 'float' to 'mat_uint8_t', possible loss of data
     1>..\..\src\read_data.c(1272): warning C4244: '=' : conversion from 'float' to 'mat_uint8_t', possible loss of data
     1>..\..\src\read_data.c(1272): warning C4244: '=' : conversion from 'float' to 'mat_uint8_t', possible loss of data
     1>..\..\src\read_data.c(1272): warning C4244: '=' : conversion from 'float' to 'mat_uint8_t', possible loss of data
     1>..\..\src\read_data.c(1272): warning C4244: '=' : conversion from 'float' to 'mat_uint8_t', possible loss of data
     1>..\..\src\read_data.c(1272): warning C4244: '=' : conversion from 'mat_int16_t' to 'mat_uint8_t', possible loss of data
     1>..\..\src\read_data.c(1272): warning C4244: '=' : conversion from 'mat_int16_t' to 'mat_uint8_t', possible loss of data
     1>..\..\src\read_data.c(1272): warning C4244: '=' : conversion from 'mat_int16_t' to 'mat_uint8_t', possible loss of data
     1>..\..\src\read_data.c(1272): warning C4244: '=' : conversion from 'mat_int16_t' to 'mat_uint8_t', possible loss of data
     1>..\..\src\read_data.c(1272): warning C4244: '=' : conversion from 'mat_int16_t' to 'mat_uint8_t', possible loss of data
     1>..\..\src\read_data.c(1272): warning C4244: '=' : conversion from 'mat_int16_t' to 'mat_uint8_t', possible loss of data
     1>..\..\src\read_data.c(1272): warning C4244: '=' : conversion from 'mat_uint16_t' to 'mat_uint8_t', possible loss of data
     1>..\..\src\read_data.c(1272): warning C4244: '=' : conversion from 'mat_uint16_t' to 'mat_uint8_t', possible loss of data
     1>..\..\src\read_data.c(1272): warning C4244: '=' : conversion from 'mat_uint16_t' to 'mat_uint8_t', possible loss of data
     1>..\..\src\read_data.c(1272): warning C4244: '=' : conversion from 'mat_uint16_t' to 'mat_uint8_t', possible loss of data
     1>..\..\src\read_data.c(1272): warning C4244: '=' : conversion from 'mat_uint16_t' to 'mat_uint8_t', possible loss of data
     1>..\..\src\read_data.c(1272): warning C4244: '=' : conversion from 'mat_uint16_t' to 'mat_uint8_t', possible loss of data
     1>..\..\src\read_data.c(1272): warning C4244: '=' : conversion from 'mat_int64_t' to 'mat_uint8_t', possible loss of data
     1>..\..\src\read_data.c(1272): warning C4244: '=' : conversion from 'mat_int64_t' to 'mat_uint8_t', possible loss of data
     1>..\..\src\read_data.c(1272): warning C4244: '=' : conversion from 'mat_int64_t' to 'mat_uint8_t', possible loss of data
     1>..\..\src\read_data.c(1272): warning C4244: '=' : conversion from 'mat_int64_t' to 'mat_uint8_t', possible loss of data
     1>..\..\src\read_data.c(1272): warning C4244: '=' : conversion from 'mat_int64_t' to 'mat_uint8_t', possible loss of data
     1>..\..\src\read_data.c(1272): warning C4244: '=' : conversion from 'mat_int64_t' to 'mat_uint8_t', possible loss of data
     1>..\..\src\read_data.c(1272): warning C4244: '=' : conversion from 'mat_uint64_t' to 'mat_uint8_t', possible loss of data
     1>..\..\src\read_data.c(1272): warning C4244: '=' : conversion from 'mat_uint64_t' to 'mat_uint8_t', possible loss of data
     1>..\..\src\read_data.c(1272): warning C4244: '=' : conversion from 'mat_uint64_t' to 'mat_uint8_t', possible loss of data
     1>..\..\src\read_data.c(1272): warning C4244: '=' : conversion from 'mat_uint64_t' to 'mat_uint8_t', possible loss of data
     1>..\..\src\read_data.c(1272): warning C4244: '=' : conversion from 'mat_uint64_t' to 'mat_uint8_t', possible loss of data
     1>..\..\src\read_data.c(1272): warning C4244: '=' : conversion from 'mat_uint64_t' to 'mat_uint8_t', possible loss of data
     1>..\..\src\read_data.c(1302): warning C4244: '=' : conversion from 'double' to 'mat_uint8_t', possible loss of data
     1>..\..\src\read_data.c(1302): warning C4244: '=' : conversion from 'double' to 'mat_uint8_t', possible loss of data
     1>..\..\src\read_data.c(1302): warning C4244: '=' : conversion from 'float' to 'mat_uint8_t', possible loss of data
     1>..\..\src\read_data.c(1302): warning C4244: '=' : conversion from 'float' to 'mat_uint8_t', possible loss of data
     1>..\..\src\read_data.c(1302): warning C4244: '=' : conversion from 'mat_int16_t' to 'mat_uint8_t', possible loss of data
     1>..\..\src\read_data.c(1302): warning C4244: '=' : conversion from 'mat_int16_t' to 'mat_uint8_t', possible loss of data
     1>..\..\src\read_data.c(1302): warning C4244: '=' : conversion from 'mat_uint16_t' to 'mat_uint8_t', possible loss of data
     1>..\..\src\read_data.c(1302): warning C4244: '=' : conversion from 'mat_uint16_t' to 'mat_uint8_t', possible loss of data
     1>..\..\src\read_data.c(1302): warning C4244: '=' : conversion from 'mat_int64_t' to 'mat_uint8_t', possible loss of data
     1>..\..\src\read_data.c(1302): warning C4244: '=' : conversion from 'mat_int64_t' to 'mat_uint8_t', possible loss of data
     1>..\..\src\read_data.c(1302): warning C4244: '=' : conversion from 'mat_uint64_t' to 'mat_uint8_t', possible loss of data
     1>..\..\src\read_data.c(1302): warning C4244: '=' : conversion from 'mat_uint64_t' to 'mat_uint8_t', possible loss of data
     1>..\..\src\read_data.c(1359): warning C4244: '=' : conversion from 'mat_uint16_t' to 'char', possible loss of data
     1>..\..\src\read_data.c(1364): warning C4244: '=' : conversion from 'mat_uint16_t' to 'char', possible loss of data
     1>..\..\src\read_data.c(1403): warning C4244: '=' : conversion from 'mat_uint16_t' to 'char', possible loss of data
     1>..\..\src\read_data.c(1408): warning C4244: '=' : conversion from 'mat_uint16_t' to 'char', possible loss of data
       ResourceCompile:
         C:\Program Files (x86)\Microsoft SDKs\Windows\v7.0A\bin\rc.exe /l"0x0409" /nologo /fo"Release\matio.res" ..\matio.rc 
       Link:
         c:\Program Files (x86)\Microsoft Visual Studio 10.0\VC\bin\link.exe /ERRORREPORT:PROMPT /OUT:"C:\Users\stefa_000\Downloads\matio-1.5.11\matio-1.5.11\visual_studio\Release\libmatio.dll" /NOLOGO /LIBPATH:"C:\Program Files (x86)\HDF_Group\HDF5\1.10.1\lib" /LIBPATH:"C:\Program Files (x86)\HDF_Group\HDF5\1.10.1\bin" hdf5.lib zlib.lib /DEF:"C:\Users\stefa_000\Downloads\matio-1.5.11\matio-1.5.11\visual_studio\\matio.def" /MANIFEST /ManifestFile:"Release\libmatio.dll.intermediate.manifest" /MANIFESTUAC:"level='asInvoker' uiAccess='false'" /DEBUG /PDB:"C:\Users\stefa_000\Downloads\matio-1.5.11\matio-1.5.11\visual_studio\Release\libmatio.pdb" /OPT:REF /OPT:ICF /LTCG /TLBID:1 /DYNAMICBASE /NXCOMPAT /IMPLIB:"C:\Users\stefa_000\Downloads\matio-1.5.11\matio-1.5.11\visual_studio\Release\libmatio.lib" /MACHINE:X86 /DLL Release\matio.res
         Release\endian.obj
         Release\inflate.obj
         Release\io.obj
         Release\mat.obj
         Release\mat4.obj
         Release\mat5.obj
         Release\mat73.obj
         Release\matvar_cell.obj
         Release\matvar_struct.obj
         Release\read_data.obj
         Release\snprintf.obj
            Creating library C:\Users\stefa_000\Downloads\matio-1.5.11\matio-1.5.11\visual_studio\Release\libmatio.lib and object C:\Users\stefa_000\Downloads\matio-1.5.11\matio-1.5.11\visual_studio\Release\libmatio.exp
         Generating code
         Finished generating code
         libmatio.vcxproj -> C:\Users\stefa_000\Downloads\matio-1.5.11\matio-1.5.11\visual_studio\Release\libmatio.dll
       Manifest:
         C:\Program Files (x86)\Microsoft SDKs\Windows\v7.0A\bin\mt.exe /nologo /verbose /outputresource:"C:\Users\stefa_000\Downloads\matio-1.5.11\matio-1.5.11\visual_studio\Release\libmatio.dll;#2" /manifest Release\libmatio.dll.intermediate.manifest
       FinalizeBuildStatus:
         Deleting file "Release\libmatio.unsuccessfulbuild".
         Touching "Release\libmatio.lastbuildstate".
     1>Done Building Project "C:\Users\stefa_000\Downloads\matio-1.5.11\matio-1.5.11\visual_studio\libmatio\libmatio.vcxproj" (build target(s)).

Build succeeded.

Time Elapsed 00:00:58.86
